{
  "RSpec": {
    "coverage": {
      "/Users/thomassurgent/Desktop/flatiron/Project_Mode/2wk/budget_survival_guide/app/controllers/pages_controller.rb": [
        1,
        null,
        1,
        5,
        null,
        null,
        1,
        null,
        null,
        null
      ],
      "/Users/thomassurgent/Desktop/flatiron/Project_Mode/2wk/budget_survival_guide/app/controllers/sessions_controller.rb": [
        1,
        null,
        1,
        null,
        null,
        1,
        5,
        5,
        3,
        3,
        null,
        2,
        2,
        null,
        null,
        null,
        1,
        1,
        1,
        null,
        null,
        null
      ],
      "/Users/thomassurgent/Desktop/flatiron/Project_Mode/2wk/budget_survival_guide/app/controllers/users_controller.rb": [
        1,
        1,
        4,
        null,
        null,
        1,
        5,
        5,
        3,
        3,
        null,
        2,
        null,
        null,
        null,
        1,
        2,
        null,
        null,
        1,
        4,
        4,
        4,
        4,
        2,
        null,
        2,
        null,
        null,
        null,
        1,
        1,
        9,
        null,
        null
      ],
      "/Users/thomassurgent/Desktop/flatiron/Project_Mode/2wk/budget_survival_guide/app/models/budget.rb": [
        1,
        1,
        null,
        1,
        28,
        25,
        null,
        null,
        null,
        1,
        14,
        14,
        14,
        14,
        null,
        null,
        null,
        1,
        14,
        null,
        null,
        1,
        16,
        null,
        null,
        1,
        14,
        2,
        2,
        2,
        null,
        null,
        null,
        1,
        2,
        null,
        null,
        1,
        70,
        70,
        70,
        70,
        null,
        null,
        1,
        153,
        69,
        null,
        null,
        null,
        1,
        27,
        22,
        null,
        null,
        null,
        null
      ],
      "/Users/thomassurgent/Desktop/flatiron/Project_Mode/2wk/budget_survival_guide/app/models/user.rb": [
        1,
        null,
        1,
        null,
        37,
        1,
        null,
        1,
        1,
        null,
        1,
        1,
        null,
        1,
        10,
        null,
        null,
        1,
        34,
        null,
        null,
        1,
        132,
        null,
        null,
        1,
        1,
        23,
        null,
        null
      ]
    },
    "timestamp": 1397676964
  }
}
