{
  "RSpec": {
    "coverage": {
      "/Users/thomassurgent/Desktop/flatiron/Project_Mode/2wk/budget_survival_guide/app/models/budget.rb": [
        1,
        null,
        1,
        27,
        25,
        null,
        null,
        null,
        1,
        14,
        14,
        14,
        14,
        null,
        null,
        null,
        1,
        13,
        null,
        null,
        1,
        15,
        null,
        null,
        1,
        13,
        2,
        2,
        2,
        null,
        null,
        null,
        1,
        2,
        null,
        null,
        null
      ]
    },
    "timestamp": 1397243498
  }
}
